[01m[K/home/dammr/Desktop/magister_ws/UC_SmartFarmRadar/ptu_package/src/ptu_node.cpp:[m[K In destructor â€˜[01m[Kvirtual PTUNode::~PTUNode()[m[Kâ€™:
[01m[K/home/dammr/Desktop/magister_ws/UC_SmartFarmRadar/ptu_package/src/ptu_node.cpp:43:34:[m[K [01;31m[Kerror: [m[Kâ€˜[01m[Kserial_mtx_[m[Kâ€™ was not declared in this scope; did you mean â€˜[01m[Kserial_fd_[m[Kâ€™?
   43 |   std::lock_guard<std::mutex> lk([01;31m[Kserial_mtx_[m[K);
      |                                  [01;31m[K^~~~~~~~~~~[m[K
      |                                  [32m[Kserial_fd_[m[K
[01m[K/home/dammr/Desktop/magister_ws/UC_SmartFarmRadar/ptu_package/src/ptu_node.cpp:44:3:[m[K [01;31m[Kerror: [m[Kâ€˜[01m[Kclose_serial_nolock[m[Kâ€™ was not declared in this scope
   44 |   [01;31m[Kclose_serial_nolock[m[K();
      |   [01;31m[K^~~~~~~~~~~~~~~~~~~[m[K
[01m[K/home/dammr/Desktop/magister_ws/UC_SmartFarmRadar/ptu_package/src/ptu_node.cpp:[m[K At global scope:
[01m[K/home/dammr/Desktop/magister_ws/UC_SmartFarmRadar/ptu_package/src/ptu_node.cpp:47:6:[m[K [01;31m[Kerror: [m[Kno declaration matches â€˜[01m[Kvoid PTUNode::close_serial_nolock()[m[Kâ€™
   47 | void [01;31m[KPTUNode[m[K::close_serial_nolock() {
      |      [01;31m[K^~~~~~~[m[K
[01m[K/home/dammr/Desktop/magister_ws/UC_SmartFarmRadar/ptu_package/src/ptu_node.cpp:47:6:[m[K [01;36m[Knote: [m[Kno functions named â€˜[01m[Kvoid PTUNode::close_serial_nolock()[m[Kâ€™
In file included from [01m[K/home/dammr/Desktop/magister_ws/UC_SmartFarmRadar/ptu_package/src/ptu_node.cpp:1[m[K:
[01m[K/home/dammr/Desktop/magister_ws/UC_SmartFarmRadar/ptu_package/include/ptu_package/ptu_node.hpp:11:7:[m[K [01;36m[Knote: [m[Kâ€˜[01m[Kclass PTUNode[m[Kâ€™ defined here
   11 | class [01;36m[KPTUNode[m[K : public rclcpp::Node {
      |       [01;36m[K^~~~~~~[m[K
[01m[K/home/dammr/Desktop/magister_ws/UC_SmartFarmRadar/ptu_package/src/ptu_node.cpp:[m[K In member function â€˜[01m[Kbool PTUNode::open_serial(const string&)[m[Kâ€™:
[01m[K/home/dammr/Desktop/magister_ws/UC_SmartFarmRadar/ptu_package/src/ptu_node.cpp:57:36:[m[K [01;31m[Kerror: [m[Kâ€˜[01m[Kserial_mtx_[m[Kâ€™ was not declared in this scope; did you mean â€˜[01m[Kserial_fd_[m[Kâ€™?
   57 |     std::lock_guard<std::mutex> lk([01;31m[Kserial_mtx_[m[K);
      |                                    [01;31m[K^~~~~~~~~~~[m[K
      |                                    [32m[Kserial_fd_[m[K
[01m[K/home/dammr/Desktop/magister_ws/UC_SmartFarmRadar/ptu_package/src/ptu_node.cpp:60:9:[m[K [01;31m[Kerror: [m[Kâ€˜[01m[Kclose_serial_nolock[m[Kâ€™ was not declared in this scope
   60 |         [01;31m[Kclose_serial_nolock[m[K();
      |         [01;31m[K^~~~~~~~~~~~~~~~~~~[m[K
[01m[K/home/dammr/Desktop/magister_ws/UC_SmartFarmRadar/ptu_package/src/ptu_node.cpp:75:9:[m[K [01;31m[Kerror: [m[Kâ€˜[01m[Kclose_serial_nolock[m[Kâ€™ was not declared in this scope
   75 |         [01;31m[Kclose_serial_nolock[m[K();
      |         [01;31m[K^~~~~~~~~~~~~~~~~~~[m[K
[01m[K/home/dammr/Desktop/magister_ws/UC_SmartFarmRadar/ptu_package/src/ptu_node.cpp:95:9:[m[K [01;31m[Kerror: [m[Kâ€˜[01m[Kclose_serial_nolock[m[Kâ€™ was not declared in this scope
   95 |         [01;31m[Kclose_serial_nolock[m[K();
      |         [01;31m[K^~~~~~~~~~~~~~~~~~~[m[K
[01m[K/home/dammr/Desktop/magister_ws/UC_SmartFarmRadar/ptu_package/src/ptu_node.cpp:[m[K In member function â€˜[01m[Kvoid PTUNode::send_command(const string&)[m[Kâ€™:
[01m[K/home/dammr/Desktop/magister_ws/UC_SmartFarmRadar/ptu_package/src/ptu_node.cpp:107:37:[m[K [01;31m[Kerror: [m[Kâ€˜[01m[Kserial_mtx_[m[Kâ€™ was not declared in this scope; did you mean â€˜[01m[Kserial_fd_[m[Kâ€™?
  107 |     std::unique_lock<std::mutex> lk([01;31m[Kserial_mtx_[m[K);
      |                                     [01;31m[K^~~~~~~~~~~[m[K
      |                                     [32m[Kserial_fd_[m[K
[01m[K/home/dammr/Desktop/magister_ws/UC_SmartFarmRadar/ptu_package/src/ptu_node.cpp:151:9:[m[K [01;31m[Kerror: [m[Kâ€˜[01m[Kclose_serial_nolock[m[Kâ€™ was not declared in this scope
  151 |         [01;31m[Kclose_serial_nolock[m[K();
      |         [01;31m[K^~~~~~~~~~~~~~~~~~~[m[K
[01m[K/home/dammr/Desktop/magister_ws/UC_SmartFarmRadar/ptu_package/src/ptu_node.cpp:159:41:[m[K [01;31m[Kerror: [m[Kno matching function for call to â€˜[01m[KPTUNode::read_response(std::chrono::milliseconds)[m[Kâ€™
  159 |     std::string response = [01;31m[Kread_response(600ms)[m[K;
      |                            [01;31m[K~~~~~~~~~~~~~^~~~~~~[m[K
In file included from [01m[K/home/dammr/Desktop/magister_ws/UC_SmartFarmRadar/ptu_package/src/ptu_node.cpp:1[m[K:
[01m[K/home/dammr/Desktop/magister_ws/UC_SmartFarmRadar/ptu_package/include/ptu_package/ptu_node.hpp:32:17:[m[K [01;36m[Knote: [m[Kcandidate: â€˜[01m[Kstd::string PTUNode::read_response()[m[Kâ€™
   32 |     std::string [01;36m[Kread_response[m[K(); // leer respuesta
      |                 [01;36m[K^~~~~~~~~~~~~[m[K
[01m[K/home/dammr/Desktop/magister_ws/UC_SmartFarmRadar/ptu_package/include/ptu_package/ptu_node.hpp:32:17:[m[K [01;36m[Knote: [m[K  candidate expects 0 arguments, 1 provided
[01m[K/home/dammr/Desktop/magister_ws/UC_SmartFarmRadar/ptu_package/src/ptu_node.cpp:[m[K In member function â€˜[01m[Kvoid PTUNode::try_reconnect()[m[Kâ€™:
[01m[K/home/dammr/Desktop/magister_ws/UC_SmartFarmRadar/ptu_package/src/ptu_node.cpp:221:36:[m[K [01;31m[Kerror: [m[Kâ€˜[01m[Kserial_mtx_[m[Kâ€™ was not declared in this scope; did you mean â€˜[01m[Kserial_fd_[m[Kâ€™?
  221 |     std::lock_guard<std::mutex> lk([01;31m[Kserial_mtx_[m[K);
      |                                    [01;31m[K^~~~~~~~~~~[m[K
      |                                    [32m[Kserial_fd_[m[K
gmake[2]: *** [CMakeFiles/ptu_node.dir/build.make:76: CMakeFiles/ptu_node.dir/src/ptu_node.cpp.o] Error 1
gmake[1]: *** [CMakeFiles/Makefile2:137: CMakeFiles/ptu_node.dir/all] Error 2
gmake: *** [Makefile:146: all] Error 2
