-- The C compiler identification is GNU 11.4.0
-- The CXX compiler identification is GNU 11.4.0
-- Detecting C compiler ABI info
-- Detecting C compiler ABI info - done
-- Check for working C compiler: /usr/bin/cc - skipped
-- Detecting C compile features
-- Detecting C compile features - done
-- Detecting CXX compiler ABI info
-- Detecting CXX compiler ABI info - done
-- Check for working CXX compiler: /usr/bin/c++ - skipped
-- Detecting CXX compile features
-- Detecting CXX compile features - done
-- Found ament_cmake: 1.3.11 (/home/dammr/ros2_humble/install/ament_cmake/share/ament_cmake/cmake)
-- Found Python3: /usr/bin/python3 (found version "3.10.12") found components: Interpreter 
-- Found rclcpp: 16.0.12 (/home/dammr/ros2_humble/install/rclcpp/share/rclcpp/cmake)
-- Found rosidl_generator_c: 3.1.6 (/home/dammr/ros2_humble/install/rosidl_generator_c/share/rosidl_generator_c/cmake)
-- Found rosidl_adapter: 3.1.6 (/home/dammr/ros2_humble/install/rosidl_adapter/share/rosidl_adapter/cmake)
-- Found rosidl_generator_cpp: 3.1.6 (/home/dammr/ros2_humble/install/rosidl_generator_cpp/share/rosidl_generator_cpp/cmake)
-- Using all available rosidl_typesupport_c: rosidl_typesupport_introspection_c;rosidl_typesupport_fastrtps_c
-- Using all available rosidl_typesupport_cpp: rosidl_typesupport_introspection_cpp;rosidl_typesupport_fastrtps_cpp
-- Found rmw_implementation_cmake: 6.1.2 (/home/dammr/ros2_humble/install/rmw_implementation_cmake/share/rmw_implementation_cmake/cmake)
-- Found rmw_fastrtps_cpp: 6.2.7 (/home/dammr/ros2_humble/install/rmw_fastrtps_cpp/share/rmw_fastrtps_cpp/cmake)
-- Found OpenSSL: /usr/lib/x86_64-linux-gnu/libcrypto.so (found version "3.0.2")  
-- Found FastRTPS: /home/dammr/ros2_humble/install/fastrtps/include  
-- Using RMW implementation 'rmw_fastrtps_cpp' as default
-- Looking for pthread.h
-- Looking for pthread.h - found
-- Performing Test CMAKE_HAVE_LIBC_PTHREAD
-- Performing Test CMAKE_HAVE_LIBC_PTHREAD - Success
-- Found Threads: TRUE  
-- Found ament_lint_auto: 0.12.12 (/home/dammr/ros2_humble/install/ament_lint_auto/share/ament_lint_auto/cmake)
-- Added test 'cppcheck' to perform static code analysis on C / C++ code
-- Configured cppcheck include dirs: /home/dammr/Desktop/magister_ws/UC_SmartFarmRadar/ptu_package/include
-- Configured cppcheck exclude dirs and/or files: 
-- Added test 'lint_cmake' to check CMake code style
-- Added test 'uncrustify' to check C / C++ code style
-- Configured uncrustify additional arguments: 
-- Added test 'xmllint' to check XML markup files
-- Configuring done
-- Generating done
-- Build files have been written to: /home/dammr/Desktop/magister_ws/UC_SmartFarmRadar/build/ptu_package
[ 50%] [32mBuilding CXX object CMakeFiles/ptu_node.dir/src/ptu_node.cpp.o[0m
[01m[K/home/dammr/Desktop/magister_ws/UC_SmartFarmRadar/ptu_package/src/ptu_node.cpp:[m[K In destructor â€˜[01m[Kvirtual PTUNode::~PTUNode()[m[Kâ€™:
[01m[K/home/dammr/Desktop/magister_ws/UC_SmartFarmRadar/ptu_package/src/ptu_node.cpp:43:34:[m[K [01;31m[Kerror: [m[Kâ€˜[01m[Kserial_mtx_[m[Kâ€™ was not declared in this scope; did you mean â€˜[01m[Kserial_fd_[m[Kâ€™?
   43 |   std::lock_guard<std::mutex> lk([01;31m[Kserial_mtx_[m[K);
      |                                  [01;31m[K^~~~~~~~~~~[m[K
      |                                  [32m[Kserial_fd_[m[K
[01m[K/home/dammr/Desktop/magister_ws/UC_SmartFarmRadar/ptu_package/src/ptu_node.cpp:44:3:[m[K [01;31m[Kerror: [m[Kâ€˜[01m[Kclose_serial_nolock[m[Kâ€™ was not declared in this scope
   44 |   [01;31m[Kclose_serial_nolock[m[K();
      |   [01;31m[K^~~~~~~~~~~~~~~~~~~[m[K
[01m[K/home/dammr/Desktop/magister_ws/UC_SmartFarmRadar/ptu_package/src/ptu_node.cpp:[m[K At global scope:
[01m[K/home/dammr/Desktop/magister_ws/UC_SmartFarmRadar/ptu_package/src/ptu_node.cpp:47:6:[m[K [01;31m[Kerror: [m[Kno declaration matches â€˜[01m[Kvoid PTUNode::close_serial_nolock()[m[Kâ€™
   47 | void [01;31m[KPTUNode[m[K::close_serial_nolock() {
      |      [01;31m[K^~~~~~~[m[K
[01m[K/home/dammr/Desktop/magister_ws/UC_SmartFarmRadar/ptu_package/src/ptu_node.cpp:47:6:[m[K [01;36m[Knote: [m[Kno functions named â€˜[01m[Kvoid PTUNode::close_serial_nolock()[m[Kâ€™
In file included from [01m[K/home/dammr/Desktop/magister_ws/UC_SmartFarmRadar/ptu_package/src/ptu_node.cpp:1[m[K:
[01m[K/home/dammr/Desktop/magister_ws/UC_SmartFarmRadar/ptu_package/include/ptu_package/ptu_node.hpp:11:7:[m[K [01;36m[Knote: [m[Kâ€˜[01m[Kclass PTUNode[m[Kâ€™ defined here
   11 | class [01;36m[KPTUNode[m[K : public rclcpp::Node {
      |       [01;36m[K^~~~~~~[m[K
[01m[K/home/dammr/Desktop/magister_ws/UC_SmartFarmRadar/ptu_package/src/ptu_node.cpp:[m[K In member function â€˜[01m[Kbool PTUNode::open_serial(const string&)[m[Kâ€™:
[01m[K/home/dammr/Desktop/magister_ws/UC_SmartFarmRadar/ptu_package/src/ptu_node.cpp:57:36:[m[K [01;31m[Kerror: [m[Kâ€˜[01m[Kserial_mtx_[m[Kâ€™ was not declared in this scope; did you mean â€˜[01m[Kserial_fd_[m[Kâ€™?
   57 |     std::lock_guard<std::mutex> lk([01;31m[Kserial_mtx_[m[K);
      |                                    [01;31m[K^~~~~~~~~~~[m[K
      |                                    [32m[Kserial_fd_[m[K
[01m[K/home/dammr/Desktop/magister_ws/UC_SmartFarmRadar/ptu_package/src/ptu_node.cpp:60:9:[m[K [01;31m[Kerror: [m[Kâ€˜[01m[Kclose_serial_nolock[m[Kâ€™ was not declared in this scope
   60 |         [01;31m[Kclose_serial_nolock[m[K();
      |         [01;31m[K^~~~~~~~~~~~~~~~~~~[m[K
[01m[K/home/dammr/Desktop/magister_ws/UC_SmartFarmRadar/ptu_package/src/ptu_node.cpp:75:9:[m[K [01;31m[Kerror: [m[Kâ€˜[01m[Kclose_serial_nolock[m[Kâ€™ was not declared in this scope
   75 |         [01;31m[Kclose_serial_nolock[m[K();
      |         [01;31m[K^~~~~~~~~~~~~~~~~~~[m[K
[01m[K/home/dammr/Desktop/magister_ws/UC_SmartFarmRadar/ptu_package/src/ptu_node.cpp:95:9:[m[K [01;31m[Kerror: [m[Kâ€˜[01m[Kclose_serial_nolock[m[Kâ€™ was not declared in this scope
   95 |         [01;31m[Kclose_serial_nolock[m[K();
      |         [01;31m[K^~~~~~~~~~~~~~~~~~~[m[K
[01m[K/home/dammr/Desktop/magister_ws/UC_SmartFarmRadar/ptu_package/src/ptu_node.cpp:[m[K In member function â€˜[01m[Kvoid PTUNode::send_command(const string&)[m[Kâ€™:
[01m[K/home/dammr/Desktop/magister_ws/UC_SmartFarmRadar/ptu_package/src/ptu_node.cpp:107:37:[m[K [01;31m[Kerror: [m[Kâ€˜[01m[Kserial_mtx_[m[Kâ€™ was not declared in this scope; did you mean â€˜[01m[Kserial_fd_[m[Kâ€™?
  107 |     std::unique_lock<std::mutex> lk([01;31m[Kserial_mtx_[m[K);
      |                                     [01;31m[K^~~~~~~~~~~[m[K
      |                                     [32m[Kserial_fd_[m[K
[01m[K/home/dammr/Desktop/magister_ws/UC_SmartFarmRadar/ptu_package/src/ptu_node.cpp:151:9:[m[K [01;31m[Kerror: [m[Kâ€˜[01m[Kclose_serial_nolock[m[Kâ€™ was not declared in this scope
  151 |         [01;31m[Kclose_serial_nolock[m[K();
      |         [01;31m[K^~~~~~~~~~~~~~~~~~~[m[K
[01m[K/home/dammr/Desktop/magister_ws/UC_SmartFarmRadar/ptu_package/src/ptu_node.cpp:159:41:[m[K [01;31m[Kerror: [m[Kno matching function for call to â€˜[01m[KPTUNode::read_response(std::chrono::milliseconds)[m[Kâ€™
  159 |     std::string response = [01;31m[Kread_response(600ms)[m[K;
      |                            [01;31m[K~~~~~~~~~~~~~^~~~~~~[m[K
In file included from [01m[K/home/dammr/Desktop/magister_ws/UC_SmartFarmRadar/ptu_package/src/ptu_node.cpp:1[m[K:
[01m[K/home/dammr/Desktop/magister_ws/UC_SmartFarmRadar/ptu_package/include/ptu_package/ptu_node.hpp:32:17:[m[K [01;36m[Knote: [m[Kcandidate: â€˜[01m[Kstd::string PTUNode::read_response()[m[Kâ€™
   32 |     std::string [01;36m[Kread_response[m[K(); // leer respuesta
      |                 [01;36m[K^~~~~~~~~~~~~[m[K
[01m[K/home/dammr/Desktop/magister_ws/UC_SmartFarmRadar/ptu_package/include/ptu_package/ptu_node.hpp:32:17:[m[K [01;36m[Knote: [m[K  candidate expects 0 arguments, 1 provided
[01m[K/home/dammr/Desktop/magister_ws/UC_SmartFarmRadar/ptu_package/src/ptu_node.cpp:[m[K In member function â€˜[01m[Kvoid PTUNode::try_reconnect()[m[Kâ€™:
[01m[K/home/dammr/Desktop/magister_ws/UC_SmartFarmRadar/ptu_package/src/ptu_node.cpp:221:36:[m[K [01;31m[Kerror: [m[Kâ€˜[01m[Kserial_mtx_[m[Kâ€™ was not declared in this scope; did you mean â€˜[01m[Kserial_fd_[m[Kâ€™?
  221 |     std::lock_guard<std::mutex> lk([01;31m[Kserial_mtx_[m[K);
      |                                    [01;31m[K^~~~~~~~~~~[m[K
      |                                    [32m[Kserial_fd_[m[K
gmake[2]: *** [CMakeFiles/ptu_node.dir/build.make:76: CMakeFiles/ptu_node.dir/src/ptu_node.cpp.o] Error 1
gmake[1]: *** [CMakeFiles/Makefile2:137: CMakeFiles/ptu_node.dir/all] Error 2
gmake: *** [Makefile:146: all] Error 2
