[0.054s] Invoking command in '/home/dammr/Desktop/magister_ws/UC_SmartFarmRadar/build/ptu_package': CMAKE_PREFIX_PATH=${CMAKE_PREFIX_PATH}:/home/dammr/Desktop/magister_ws/install/radar_package:/home/dammr/Desktop/magister_ws/install/ptu_routine:/home/dammr/ros2_humble/install/rqt_bag_plugins:/home/dammr/ros2_humble/install/rqt_bag:/home/dammr/ros2_humble/install/launch_testing_examples:/home/dammr/ros2_humble/install/ros2bag:/home/dammr/ros2_humble/install/tracetools_test:/home/dammr/ros2_humble/install/tracetools_launch:/home/dammr/ros2_humble/install/topic_monitor:/home/dammr/ros2_humble/install/tf2_tools:/home/dammr/ros2_humble/install/examples_tf2_py:/home/dammr/ros2_humble/install/tf2_ros_py:/home/dammr/ros2_humble/install/sros2:/home/dammr/ros2_humble/install/rqt_topic:/home/dammr/ros2_humble/install/rqt_srv:/home/dammr/ros2_humble/install/rqt_shell:/home/dammr/ros2_humble/install/rqt_service_caller:/home/dammr/ros2_humble/install/rqt_reconfigure:/home/dammr/ros2_humble/install/rqt_py_console:/home/dammr/ros2_humble/install/rqt_publisher:/home/dammr/ros2_humble/install/rqt_plot:/home/dammr/ros2_humble/install/rqt_action:/home/dammr/ros2_humble/install/rqt_msg:/home/dammr/ros2_humble/install/rqt_console:/home/dammr/ros2_humble/install/rqt:/home/dammr/ros2_humble/install/rqt_graph:/home/dammr/ros2_humble/install/rqt_gui_py:/home/dammr/ros2_humble/install/rqt_gui:/home/dammr/ros2_humble/install/ros2trace:/home/dammr/ros2_humble/install/ros2topic:/home/dammr/ros2_humble/install/ros2test:/home/dammr/ros2_humble/install/ros2component:/home/dammr/ros2_humble/install/ros2param:/home/dammr/ros2_humble/install/ros2lifecycle:/home/dammr/ros2_humble/install/ros2service:/home/dammr/ros2_humble/install/ros2run:/home/dammr/ros2_humble/install/ros2launch:/home/dammr/ros2_humble/install/ros2pkg:/home/dammr/ros2_humble/install/ros2node:/home/dammr/ros2_humble/install/ros2multicast:/home/dammr/ros2_humble/install/ros2interface:/home/dammr/ros2_humble/install/ros2doctor:/home/dammr/ros2_humble/install/ros2action:/home/dammr/ros2_humble/install/ros2cli:/home/dammr/ros2_humble/install/quality_of_service_demo_py:/home/dammr/ros2_humble/install/lifecycle_py:/home/dammr/ros2_humble/install/launch_testing_ros:/home/dammr/ros2_humble/install/launch_ros:/home/dammr/ros2_humble/install/examples_rclpy_pointcloud_publisher:/home/dammr/ros2_humble/install/examples_rclpy_minimal_subscriber:/home/dammr/ros2_humble/install/examples_rclpy_minimal_service:/home/dammr/ros2_humble/install/examples_rclpy_minimal_publisher:/home/dammr/ros2_humble/install/examples_rclpy_minimal_client:/home/dammr/ros2_humble/install/examples_rclpy_minimal_action_server:/home/dammr/ros2_humble/install/examples_rclpy_minimal_action_client:/home/dammr/ros2_humble/install/examples_rclpy_guard_conditions:/home/dammr/ros2_humble/install/examples_rclpy_executors:/home/dammr/ros2_humble/install/demo_nodes_py:/home/dammr/ros2_humble/install/camera_info_manager_py:/home/dammr/ros2_humble/install/action_tutorials_py:/home/dammr/ros2_humble/install/ament_uncrustify:/home/dammr/ros2_humble/install/tracetools_trace:/home/dammr/ros2_humble/install/tracetools_read:/home/dammr/ros2_humble/install/test_tracetools_launch:/home/dammr/ros2_humble/install/test_launch_ros:/home/dammr/ros2_humble/install/sensor_msgs_py:/home/dammr/ros2_humble/install/rpyutils:/home/dammr/ros2_humble/install/rosidl_runtime_py:/home/dammr/ros2_humble/install/rosidl_cli:/home/dammr/ros2_humble/install/launch_pytest:/home/dammr/ros2_humble/install/launch_testing:/home/dammr/ros2_humble/install/launch_yaml:/home/dammr/ros2_humble/install/launch_xml:/home/dammr/ros2_humble/install/launch:/home/dammr/ros2_humble/install/osrf_pycommon:/home/dammr/ros2_humble/install/domain_coordinator:/home/dammr/ros2_humble/install/ament_xmllint:/home/dammr/ros2_humble/install/ament_pyflakes:/home/dammr/ros2_humble/install/ament_pycodestyle:/home/dammr/ros2_humble/install/ament_pep257:/home/dammr/ros2_humble/install/ament_pclint:/home/dammr/ros2_humble/install/ament_package:/home/dammr/ros2_humble/install/ament_mypy:/home/dammr/ros2_humble/install/ament_lint_cmake:/home/dammr/ros2_humble/install/ament_flake8:/home/dammr/ros2_humble/install/ament_copyright:/home/dammr/ros2_humble/install/ament_lint:/home/dammr/ros2_humble/install/ament_index_python:/home/dammr/ros2_humble/install/ament_cpplint:/home/dammr/ros2_humble/install/ament_cppcheck:/home/dammr/ros2_humble/install/ament_clang_tidy:/home/dammr/ros2_humble/install/ament_clang_format /usr/bin/cmake /home/dammr/Desktop/magister_ws/UC_SmartFarmRadar/ptu_package -DCMAKE_INSTALL_PREFIX=/home/dammr/Desktop/magister_ws/UC_SmartFarmRadar/install/ptu_package
[0.208s] -- The C compiler identification is GNU 11.4.0
[0.297s] -- The CXX compiler identification is GNU 11.4.0
[0.309s] -- Detecting C compiler ABI info
[0.428s] -- Detecting C compiler ABI info - done
[0.434s] -- Check for working C compiler: /usr/bin/cc - skipped
[0.434s] -- Detecting C compile features
[0.434s] -- Detecting C compile features - done
[0.437s] -- Detecting CXX compiler ABI info
[0.566s] -- Detecting CXX compiler ABI info - done
[0.571s] -- Check for working CXX compiler: /usr/bin/c++ - skipped
[0.571s] -- Detecting CXX compile features
[0.571s] -- Detecting CXX compile features - done
[0.602s] -- Found ament_cmake: 1.3.11 (/home/dammr/ros2_humble/install/ament_cmake/share/ament_cmake/cmake)
[1.069s] -- Found Python3: /usr/bin/python3 (found version "3.10.12") found components: Interpreter 
[1.547s] -- Found rclcpp: 16.0.12 (/home/dammr/ros2_humble/install/rclcpp/share/rclcpp/cmake)
[1.750s] -- Found rosidl_generator_c: 3.1.6 (/home/dammr/ros2_humble/install/rosidl_generator_c/share/rosidl_generator_c/cmake)
[1.782s] -- Found rosidl_adapter: 3.1.6 (/home/dammr/ros2_humble/install/rosidl_adapter/share/rosidl_adapter/cmake)
[1.818s] -- Found rosidl_generator_cpp: 3.1.6 (/home/dammr/ros2_humble/install/rosidl_generator_cpp/share/rosidl_generator_cpp/cmake)
[1.882s] -- Using all available rosidl_typesupport_c: rosidl_typesupport_introspection_c;rosidl_typesupport_fastrtps_c
[1.961s] -- Using all available rosidl_typesupport_cpp: rosidl_typesupport_introspection_cpp;rosidl_typesupport_fastrtps_cpp
[2.165s] -- Found rmw_implementation_cmake: 6.1.2 (/home/dammr/ros2_humble/install/rmw_implementation_cmake/share/rmw_implementation_cmake/cmake)
[2.196s] -- Found rmw_fastrtps_cpp: 6.2.7 (/home/dammr/ros2_humble/install/rmw_fastrtps_cpp/share/rmw_fastrtps_cpp/cmake)
[2.514s] -- Found OpenSSL: /usr/lib/x86_64-linux-gnu/libcrypto.so (found version "3.0.2")  
[2.584s] -- Found FastRTPS: /home/dammr/ros2_humble/install/fastrtps/include  
[2.705s] -- Using RMW implementation 'rmw_fastrtps_cpp' as default
[2.769s] -- Looking for pthread.h
[2.906s] -- Looking for pthread.h - found
[2.906s] -- Performing Test CMAKE_HAVE_LIBC_PTHREAD
[3.036s] -- Performing Test CMAKE_HAVE_LIBC_PTHREAD - Success
[3.037s] -- Found Threads: TRUE  
[3.186s] -- Found ament_lint_auto: 0.12.12 (/home/dammr/ros2_humble/install/ament_lint_auto/share/ament_lint_auto/cmake)
[3.450s] -- Added test 'cppcheck' to perform static code analysis on C / C++ code
[3.450s] -- Configured cppcheck include dirs: /home/dammr/Desktop/magister_ws/UC_SmartFarmRadar/ptu_package/include
[3.450s] -- Configured cppcheck exclude dirs and/or files: 
[3.456s] -- Added test 'lint_cmake' to check CMake code style
[3.462s] -- Added test 'uncrustify' to check C / C++ code style
[3.462s] -- Configured uncrustify additional arguments: 
[3.467s] -- Added test 'xmllint' to check XML markup files
[3.478s] -- Configuring done
[3.492s] -- Generating done
[3.494s] -- Build files have been written to: /home/dammr/Desktop/magister_ws/UC_SmartFarmRadar/build/ptu_package
[3.502s] Invoked command in '/home/dammr/Desktop/magister_ws/UC_SmartFarmRadar/build/ptu_package' returned '0': CMAKE_PREFIX_PATH=${CMAKE_PREFIX_PATH}:/home/dammr/Desktop/magister_ws/install/radar_package:/home/dammr/Desktop/magister_ws/install/ptu_routine:/home/dammr/ros2_humble/install/rqt_bag_plugins:/home/dammr/ros2_humble/install/rqt_bag:/home/dammr/ros2_humble/install/launch_testing_examples:/home/dammr/ros2_humble/install/ros2bag:/home/dammr/ros2_humble/install/tracetools_test:/home/dammr/ros2_humble/install/tracetools_launch:/home/dammr/ros2_humble/install/topic_monitor:/home/dammr/ros2_humble/install/tf2_tools:/home/dammr/ros2_humble/install/examples_tf2_py:/home/dammr/ros2_humble/install/tf2_ros_py:/home/dammr/ros2_humble/install/sros2:/home/dammr/ros2_humble/install/rqt_topic:/home/dammr/ros2_humble/install/rqt_srv:/home/dammr/ros2_humble/install/rqt_shell:/home/dammr/ros2_humble/install/rqt_service_caller:/home/dammr/ros2_humble/install/rqt_reconfigure:/home/dammr/ros2_humble/install/rqt_py_console:/home/dammr/ros2_humble/install/rqt_publisher:/home/dammr/ros2_humble/install/rqt_plot:/home/dammr/ros2_humble/install/rqt_action:/home/dammr/ros2_humble/install/rqt_msg:/home/dammr/ros2_humble/install/rqt_console:/home/dammr/ros2_humble/install/rqt:/home/dammr/ros2_humble/install/rqt_graph:/home/dammr/ros2_humble/install/rqt_gui_py:/home/dammr/ros2_humble/install/rqt_gui:/home/dammr/ros2_humble/install/ros2trace:/home/dammr/ros2_humble/install/ros2topic:/home/dammr/ros2_humble/install/ros2test:/home/dammr/ros2_humble/install/ros2component:/home/dammr/ros2_humble/install/ros2param:/home/dammr/ros2_humble/install/ros2lifecycle:/home/dammr/ros2_humble/install/ros2service:/home/dammr/ros2_humble/install/ros2run:/home/dammr/ros2_humble/install/ros2launch:/home/dammr/ros2_humble/install/ros2pkg:/home/dammr/ros2_humble/install/ros2node:/home/dammr/ros2_humble/install/ros2multicast:/home/dammr/ros2_humble/install/ros2interface:/home/dammr/ros2_humble/install/ros2doctor:/home/dammr/ros2_humble/install/ros2action:/home/dammr/ros2_humble/install/ros2cli:/home/dammr/ros2_humble/install/quality_of_service_demo_py:/home/dammr/ros2_humble/install/lifecycle_py:/home/dammr/ros2_humble/install/launch_testing_ros:/home/dammr/ros2_humble/install/launch_ros:/home/dammr/ros2_humble/install/examples_rclpy_pointcloud_publisher:/home/dammr/ros2_humble/install/examples_rclpy_minimal_subscriber:/home/dammr/ros2_humble/install/examples_rclpy_minimal_service:/home/dammr/ros2_humble/install/examples_rclpy_minimal_publisher:/home/dammr/ros2_humble/install/examples_rclpy_minimal_client:/home/dammr/ros2_humble/install/examples_rclpy_minimal_action_server:/home/dammr/ros2_humble/install/examples_rclpy_minimal_action_client:/home/dammr/ros2_humble/install/examples_rclpy_guard_conditions:/home/dammr/ros2_humble/install/examples_rclpy_executors:/home/dammr/ros2_humble/install/demo_nodes_py:/home/dammr/ros2_humble/install/camera_info_manager_py:/home/dammr/ros2_humble/install/action_tutorials_py:/home/dammr/ros2_humble/install/ament_uncrustify:/home/dammr/ros2_humble/install/tracetools_trace:/home/dammr/ros2_humble/install/tracetools_read:/home/dammr/ros2_humble/install/test_tracetools_launch:/home/dammr/ros2_humble/install/test_launch_ros:/home/dammr/ros2_humble/install/sensor_msgs_py:/home/dammr/ros2_humble/install/rpyutils:/home/dammr/ros2_humble/install/rosidl_runtime_py:/home/dammr/ros2_humble/install/rosidl_cli:/home/dammr/ros2_humble/install/launch_pytest:/home/dammr/ros2_humble/install/launch_testing:/home/dammr/ros2_humble/install/launch_yaml:/home/dammr/ros2_humble/install/launch_xml:/home/dammr/ros2_humble/install/launch:/home/dammr/ros2_humble/install/osrf_pycommon:/home/dammr/ros2_humble/install/domain_coordinator:/home/dammr/ros2_humble/install/ament_xmllint:/home/dammr/ros2_humble/install/ament_pyflakes:/home/dammr/ros2_humble/install/ament_pycodestyle:/home/dammr/ros2_humble/install/ament_pep257:/home/dammr/ros2_humble/install/ament_pclint:/home/dammr/ros2_humble/install/ament_package:/home/dammr/ros2_humble/install/ament_mypy:/home/dammr/ros2_humble/install/ament_lint_cmake:/home/dammr/ros2_humble/install/ament_flake8:/home/dammr/ros2_humble/install/ament_copyright:/home/dammr/ros2_humble/install/ament_lint:/home/dammr/ros2_humble/install/ament_index_python:/home/dammr/ros2_humble/install/ament_cpplint:/home/dammr/ros2_humble/install/ament_cppcheck:/home/dammr/ros2_humble/install/ament_clang_tidy:/home/dammr/ros2_humble/install/ament_clang_format /usr/bin/cmake /home/dammr/Desktop/magister_ws/UC_SmartFarmRadar/ptu_package -DCMAKE_INSTALL_PREFIX=/home/dammr/Desktop/magister_ws/UC_SmartFarmRadar/install/ptu_package
[3.504s] Invoking command in '/home/dammr/Desktop/magister_ws/UC_SmartFarmRadar/build/ptu_package': CMAKE_PREFIX_PATH=${CMAKE_PREFIX_PATH}:/home/dammr/Desktop/magister_ws/install/radar_package:/home/dammr/Desktop/magister_ws/install/ptu_routine:/home/dammr/ros2_humble/install/rqt_bag_plugins:/home/dammr/ros2_humble/install/rqt_bag:/home/dammr/ros2_humble/install/launch_testing_examples:/home/dammr/ros2_humble/install/ros2bag:/home/dammr/ros2_humble/install/tracetools_test:/home/dammr/ros2_humble/install/tracetools_launch:/home/dammr/ros2_humble/install/topic_monitor:/home/dammr/ros2_humble/install/tf2_tools:/home/dammr/ros2_humble/install/examples_tf2_py:/home/dammr/ros2_humble/install/tf2_ros_py:/home/dammr/ros2_humble/install/sros2:/home/dammr/ros2_humble/install/rqt_topic:/home/dammr/ros2_humble/install/rqt_srv:/home/dammr/ros2_humble/install/rqt_shell:/home/dammr/ros2_humble/install/rqt_service_caller:/home/dammr/ros2_humble/install/rqt_reconfigure:/home/dammr/ros2_humble/install/rqt_py_console:/home/dammr/ros2_humble/install/rqt_publisher:/home/dammr/ros2_humble/install/rqt_plot:/home/dammr/ros2_humble/install/rqt_action:/home/dammr/ros2_humble/install/rqt_msg:/home/dammr/ros2_humble/install/rqt_console:/home/dammr/ros2_humble/install/rqt:/home/dammr/ros2_humble/install/rqt_graph:/home/dammr/ros2_humble/install/rqt_gui_py:/home/dammr/ros2_humble/install/rqt_gui:/home/dammr/ros2_humble/install/ros2trace:/home/dammr/ros2_humble/install/ros2topic:/home/dammr/ros2_humble/install/ros2test:/home/dammr/ros2_humble/install/ros2component:/home/dammr/ros2_humble/install/ros2param:/home/dammr/ros2_humble/install/ros2lifecycle:/home/dammr/ros2_humble/install/ros2service:/home/dammr/ros2_humble/install/ros2run:/home/dammr/ros2_humble/install/ros2launch:/home/dammr/ros2_humble/install/ros2pkg:/home/dammr/ros2_humble/install/ros2node:/home/dammr/ros2_humble/install/ros2multicast:/home/dammr/ros2_humble/install/ros2interface:/home/dammr/ros2_humble/install/ros2doctor:/home/dammr/ros2_humble/install/ros2action:/home/dammr/ros2_humble/install/ros2cli:/home/dammr/ros2_humble/install/quality_of_service_demo_py:/home/dammr/ros2_humble/install/lifecycle_py:/home/dammr/ros2_humble/install/launch_testing_ros:/home/dammr/ros2_humble/install/launch_ros:/home/dammr/ros2_humble/install/examples_rclpy_pointcloud_publisher:/home/dammr/ros2_humble/install/examples_rclpy_minimal_subscriber:/home/dammr/ros2_humble/install/examples_rclpy_minimal_service:/home/dammr/ros2_humble/install/examples_rclpy_minimal_publisher:/home/dammr/ros2_humble/install/examples_rclpy_minimal_client:/home/dammr/ros2_humble/install/examples_rclpy_minimal_action_server:/home/dammr/ros2_humble/install/examples_rclpy_minimal_action_client:/home/dammr/ros2_humble/install/examples_rclpy_guard_conditions:/home/dammr/ros2_humble/install/examples_rclpy_executors:/home/dammr/ros2_humble/install/demo_nodes_py:/home/dammr/ros2_humble/install/camera_info_manager_py:/home/dammr/ros2_humble/install/action_tutorials_py:/home/dammr/ros2_humble/install/ament_uncrustify:/home/dammr/ros2_humble/install/tracetools_trace:/home/dammr/ros2_humble/install/tracetools_read:/home/dammr/ros2_humble/install/test_tracetools_launch:/home/dammr/ros2_humble/install/test_launch_ros:/home/dammr/ros2_humble/install/sensor_msgs_py:/home/dammr/ros2_humble/install/rpyutils:/home/dammr/ros2_humble/install/rosidl_runtime_py:/home/dammr/ros2_humble/install/rosidl_cli:/home/dammr/ros2_humble/install/launch_pytest:/home/dammr/ros2_humble/install/launch_testing:/home/dammr/ros2_humble/install/launch_yaml:/home/dammr/ros2_humble/install/launch_xml:/home/dammr/ros2_humble/install/launch:/home/dammr/ros2_humble/install/osrf_pycommon:/home/dammr/ros2_humble/install/domain_coordinator:/home/dammr/ros2_humble/install/ament_xmllint:/home/dammr/ros2_humble/install/ament_pyflakes:/home/dammr/ros2_humble/install/ament_pycodestyle:/home/dammr/ros2_humble/install/ament_pep257:/home/dammr/ros2_humble/install/ament_pclint:/home/dammr/ros2_humble/install/ament_package:/home/dammr/ros2_humble/install/ament_mypy:/home/dammr/ros2_humble/install/ament_lint_cmake:/home/dammr/ros2_humble/install/ament_flake8:/home/dammr/ros2_humble/install/ament_copyright:/home/dammr/ros2_humble/install/ament_lint:/home/dammr/ros2_humble/install/ament_index_python:/home/dammr/ros2_humble/install/ament_cpplint:/home/dammr/ros2_humble/install/ament_cppcheck:/home/dammr/ros2_humble/install/ament_clang_tidy:/home/dammr/ros2_humble/install/ament_clang_format /usr/bin/cmake --build /home/dammr/Desktop/magister_ws/UC_SmartFarmRadar/build/ptu_package -- -j12 -l12
[3.619s] [ 50%] [32mBuilding CXX object CMakeFiles/ptu_node.dir/src/ptu_node.cpp.o[0m
[5.473s] [01m[K/home/dammr/Desktop/magister_ws/UC_SmartFarmRadar/ptu_package/src/ptu_node.cpp:[m[K In destructor â€˜[01m[Kvirtual PTUNode::~PTUNode()[m[Kâ€™:
[5.473s] [01m[K/home/dammr/Desktop/magister_ws/UC_SmartFarmRadar/ptu_package/src/ptu_node.cpp:43:34:[m[K [01;31m[Kerror: [m[Kâ€˜[01m[Kserial_mtx_[m[Kâ€™ was not declared in this scope; did you mean â€˜[01m[Kserial_fd_[m[Kâ€™?
[5.473s]    43 |   std::lock_guard<std::mutex> lk([01;31m[Kserial_mtx_[m[K);
[5.473s]       |                                  [01;31m[K^~~~~~~~~~~[m[K
[5.473s]       |                                  [32m[Kserial_fd_[m[K
[5.480s] [01m[K/home/dammr/Desktop/magister_ws/UC_SmartFarmRadar/ptu_package/src/ptu_node.cpp:44:3:[m[K [01;31m[Kerror: [m[Kâ€˜[01m[Kclose_serial_nolock[m[Kâ€™ was not declared in this scope
[5.480s]    44 |   [01;31m[Kclose_serial_nolock[m[K();
[5.480s]       |   [01;31m[K^~~~~~~~~~~~~~~~~~~[m[K
[5.480s] [01m[K/home/dammr/Desktop/magister_ws/UC_SmartFarmRadar/ptu_package/src/ptu_node.cpp:[m[K At global scope:
[5.480s] [01m[K/home/dammr/Desktop/magister_ws/UC_SmartFarmRadar/ptu_package/src/ptu_node.cpp:47:6:[m[K [01;31m[Kerror: [m[Kno declaration matches â€˜[01m[Kvoid PTUNode::close_serial_nolock()[m[Kâ€™
[5.480s]    47 | void [01;31m[KPTUNode[m[K::close_serial_nolock() {
[5.480s]       |      [01;31m[K^~~~~~~[m[K
[5.480s] [01m[K/home/dammr/Desktop/magister_ws/UC_SmartFarmRadar/ptu_package/src/ptu_node.cpp:47:6:[m[K [01;36m[Knote: [m[Kno functions named â€˜[01m[Kvoid PTUNode::close_serial_nolock()[m[Kâ€™
[5.480s] In file included from [01m[K/home/dammr/Desktop/magister_ws/UC_SmartFarmRadar/ptu_package/src/ptu_node.cpp:1[m[K:
[5.480s] [01m[K/home/dammr/Desktop/magister_ws/UC_SmartFarmRadar/ptu_package/include/ptu_package/ptu_node.hpp:11:7:[m[K [01;36m[Knote: [m[Kâ€˜[01m[Kclass PTUNode[m[Kâ€™ defined here
[5.480s]    11 | class [01;36m[KPTUNode[m[K : public rclcpp::Node {
[5.480s]       |       [01;36m[K^~~~~~~[m[K
[5.484s] [01m[K/home/dammr/Desktop/magister_ws/UC_SmartFarmRadar/ptu_package/src/ptu_node.cpp:[m[K In member function â€˜[01m[Kbool PTUNode::open_serial(const string&)[m[Kâ€™:
[5.484s] [01m[K/home/dammr/Desktop/magister_ws/UC_SmartFarmRadar/ptu_package/src/ptu_node.cpp:57:36:[m[K [01;31m[Kerror: [m[Kâ€˜[01m[Kserial_mtx_[m[Kâ€™ was not declared in this scope; did you mean â€˜[01m[Kserial_fd_[m[Kâ€™?
[5.484s]    57 |     std::lock_guard<std::mutex> lk([01;31m[Kserial_mtx_[m[K);
[5.485s]       |                                    [01;31m[K^~~~~~~~~~~[m[K
[5.485s]       |                                    [32m[Kserial_fd_[m[K
[5.491s] [01m[K/home/dammr/Desktop/magister_ws/UC_SmartFarmRadar/ptu_package/src/ptu_node.cpp:60:9:[m[K [01;31m[Kerror: [m[Kâ€˜[01m[Kclose_serial_nolock[m[Kâ€™ was not declared in this scope
[5.491s]    60 |         [01;31m[Kclose_serial_nolock[m[K();
[5.491s]       |         [01;31m[K^~~~~~~~~~~~~~~~~~~[m[K
[5.498s] [01m[K/home/dammr/Desktop/magister_ws/UC_SmartFarmRadar/ptu_package/src/ptu_node.cpp:75:9:[m[K [01;31m[Kerror: [m[Kâ€˜[01m[Kclose_serial_nolock[m[Kâ€™ was not declared in this scope
[5.498s]    75 |         [01;31m[Kclose_serial_nolock[m[K();
[5.498s]       |         [01;31m[K^~~~~~~~~~~~~~~~~~~[m[K
[5.505s] [01m[K/home/dammr/Desktop/magister_ws/UC_SmartFarmRadar/ptu_package/src/ptu_node.cpp:95:9:[m[K [01;31m[Kerror: [m[Kâ€˜[01m[Kclose_serial_nolock[m[Kâ€™ was not declared in this scope
[5.505s]    95 |         [01;31m[Kclose_serial_nolock[m[K();
[5.505s]       |         [01;31m[K^~~~~~~~~~~~~~~~~~~[m[K
[5.509s] [01m[K/home/dammr/Desktop/magister_ws/UC_SmartFarmRadar/ptu_package/src/ptu_node.cpp:[m[K In member function â€˜[01m[Kvoid PTUNode::send_command(const string&)[m[Kâ€™:
[5.509s] [01m[K/home/dammr/Desktop/magister_ws/UC_SmartFarmRadar/ptu_package/src/ptu_node.cpp:107:37:[m[K [01;31m[Kerror: [m[Kâ€˜[01m[Kserial_mtx_[m[Kâ€™ was not declared in this scope; did you mean â€˜[01m[Kserial_fd_[m[Kâ€™?
[5.509s]   107 |     std::unique_lock<std::mutex> lk([01;31m[Kserial_mtx_[m[K);
[5.509s]       |                                     [01;31m[K^~~~~~~~~~~[m[K
[5.509s]       |                                     [32m[Kserial_fd_[m[K
[5.517s] [01m[K/home/dammr/Desktop/magister_ws/UC_SmartFarmRadar/ptu_package/src/ptu_node.cpp:151:9:[m[K [01;31m[Kerror: [m[Kâ€˜[01m[Kclose_serial_nolock[m[Kâ€™ was not declared in this scope
[5.517s]   151 |         [01;31m[Kclose_serial_nolock[m[K();
[5.517s]       |         [01;31m[K^~~~~~~~~~~~~~~~~~~[m[K
[5.517s] [01m[K/home/dammr/Desktop/magister_ws/UC_SmartFarmRadar/ptu_package/src/ptu_node.cpp:159:41:[m[K [01;31m[Kerror: [m[Kno matching function for call to â€˜[01m[KPTUNode::read_response(std::chrono::milliseconds)[m[Kâ€™
[5.517s]   159 |     std::string response = [01;31m[Kread_response(600ms)[m[K;
[5.517s]       |                            [01;31m[K~~~~~~~~~~~~~^~~~~~~[m[K
[5.517s] In file included from [01m[K/home/dammr/Desktop/magister_ws/UC_SmartFarmRadar/ptu_package/src/ptu_node.cpp:1[m[K:
[5.517s] [01m[K/home/dammr/Desktop/magister_ws/UC_SmartFarmRadar/ptu_package/include/ptu_package/ptu_node.hpp:32:17:[m[K [01;36m[Knote: [m[Kcandidate: â€˜[01m[Kstd::string PTUNode::read_response()[m[Kâ€™
[5.517s]    32 |     std::string [01;36m[Kread_response[m[K(); // leer respuesta
[5.517s]       |                 [01;36m[K^~~~~~~~~~~~~[m[K
[5.517s] [01m[K/home/dammr/Desktop/magister_ws/UC_SmartFarmRadar/ptu_package/include/ptu_package/ptu_node.hpp:32:17:[m[K [01;36m[Knote: [m[K  candidate expects 0 arguments, 1 provided
[5.526s] [01m[K/home/dammr/Desktop/magister_ws/UC_SmartFarmRadar/ptu_package/src/ptu_node.cpp:[m[K In member function â€˜[01m[Kvoid PTUNode::try_reconnect()[m[Kâ€™:
[5.526s] [01m[K/home/dammr/Desktop/magister_ws/UC_SmartFarmRadar/ptu_package/src/ptu_node.cpp:221:36:[m[K [01;31m[Kerror: [m[Kâ€˜[01m[Kserial_mtx_[m[Kâ€™ was not declared in this scope; did you mean â€˜[01m[Kserial_fd_[m[Kâ€™?
[5.527s]   221 |     std::lock_guard<std::mutex> lk([01;31m[Kserial_mtx_[m[K);
[5.527s]       |                                    [01;31m[K^~~~~~~~~~~[m[K
[5.527s]       |                                    [32m[Kserial_fd_[m[K
[7.422s] gmake[2]: *** [CMakeFiles/ptu_node.dir/build.make:76: CMakeFiles/ptu_node.dir/src/ptu_node.cpp.o] Error 1
[7.422s] gmake[1]: *** [CMakeFiles/Makefile2:137: CMakeFiles/ptu_node.dir/all] Error 2
[7.422s] gmake: *** [Makefile:146: all] Error 2
[7.783s] Invoked command in '/home/dammr/Desktop/magister_ws/UC_SmartFarmRadar/build/ptu_package' returned '2': CMAKE_PREFIX_PATH=${CMAKE_PREFIX_PATH}:/home/dammr/Desktop/magister_ws/install/radar_package:/home/dammr/Desktop/magister_ws/install/ptu_routine:/home/dammr/ros2_humble/install/rqt_bag_plugins:/home/dammr/ros2_humble/install/rqt_bag:/home/dammr/ros2_humble/install/launch_testing_examples:/home/dammr/ros2_humble/install/ros2bag:/home/dammr/ros2_humble/install/tracetools_test:/home/dammr/ros2_humble/install/tracetools_launch:/home/dammr/ros2_humble/install/topic_monitor:/home/dammr/ros2_humble/install/tf2_tools:/home/dammr/ros2_humble/install/examples_tf2_py:/home/dammr/ros2_humble/install/tf2_ros_py:/home/dammr/ros2_humble/install/sros2:/home/dammr/ros2_humble/install/rqt_topic:/home/dammr/ros2_humble/install/rqt_srv:/home/dammr/ros2_humble/install/rqt_shell:/home/dammr/ros2_humble/install/rqt_service_caller:/home/dammr/ros2_humble/install/rqt_reconfigure:/home/dammr/ros2_humble/install/rqt_py_console:/home/dammr/ros2_humble/install/rqt_publisher:/home/dammr/ros2_humble/install/rqt_plot:/home/dammr/ros2_humble/install/rqt_action:/home/dammr/ros2_humble/install/rqt_msg:/home/dammr/ros2_humble/install/rqt_console:/home/dammr/ros2_humble/install/rqt:/home/dammr/ros2_humble/install/rqt_graph:/home/dammr/ros2_humble/install/rqt_gui_py:/home/dammr/ros2_humble/install/rqt_gui:/home/dammr/ros2_humble/install/ros2trace:/home/dammr/ros2_humble/install/ros2topic:/home/dammr/ros2_humble/install/ros2test:/home/dammr/ros2_humble/install/ros2component:/home/dammr/ros2_humble/install/ros2param:/home/dammr/ros2_humble/install/ros2lifecycle:/home/dammr/ros2_humble/install/ros2service:/home/dammr/ros2_humble/install/ros2run:/home/dammr/ros2_humble/install/ros2launch:/home/dammr/ros2_humble/install/ros2pkg:/home/dammr/ros2_humble/install/ros2node:/home/dammr/ros2_humble/install/ros2multicast:/home/dammr/ros2_humble/install/ros2interface:/home/dammr/ros2_humble/install/ros2doctor:/home/dammr/ros2_humble/install/ros2action:/home/dammr/ros2_humble/install/ros2cli:/home/dammr/ros2_humble/install/quality_of_service_demo_py:/home/dammr/ros2_humble/install/lifecycle_py:/home/dammr/ros2_humble/install/launch_testing_ros:/home/dammr/ros2_humble/install/launch_ros:/home/dammr/ros2_humble/install/examples_rclpy_pointcloud_publisher:/home/dammr/ros2_humble/install/examples_rclpy_minimal_subscriber:/home/dammr/ros2_humble/install/examples_rclpy_minimal_service:/home/dammr/ros2_humble/install/examples_rclpy_minimal_publisher:/home/dammr/ros2_humble/install/examples_rclpy_minimal_client:/home/dammr/ros2_humble/install/examples_rclpy_minimal_action_server:/home/dammr/ros2_humble/install/examples_rclpy_minimal_action_client:/home/dammr/ros2_humble/install/examples_rclpy_guard_conditions:/home/dammr/ros2_humble/install/examples_rclpy_executors:/home/dammr/ros2_humble/install/demo_nodes_py:/home/dammr/ros2_humble/install/camera_info_manager_py:/home/dammr/ros2_humble/install/action_tutorials_py:/home/dammr/ros2_humble/install/ament_uncrustify:/home/dammr/ros2_humble/install/tracetools_trace:/home/dammr/ros2_humble/install/tracetools_read:/home/dammr/ros2_humble/install/test_tracetools_launch:/home/dammr/ros2_humble/install/test_launch_ros:/home/dammr/ros2_humble/install/sensor_msgs_py:/home/dammr/ros2_humble/install/rpyutils:/home/dammr/ros2_humble/install/rosidl_runtime_py:/home/dammr/ros2_humble/install/rosidl_cli:/home/dammr/ros2_humble/install/launch_pytest:/home/dammr/ros2_humble/install/launch_testing:/home/dammr/ros2_humble/install/launch_yaml:/home/dammr/ros2_humble/install/launch_xml:/home/dammr/ros2_humble/install/launch:/home/dammr/ros2_humble/install/osrf_pycommon:/home/dammr/ros2_humble/install/domain_coordinator:/home/dammr/ros2_humble/install/ament_xmllint:/home/dammr/ros2_humble/install/ament_pyflakes:/home/dammr/ros2_humble/install/ament_pycodestyle:/home/dammr/ros2_humble/install/ament_pep257:/home/dammr/ros2_humble/install/ament_pclint:/home/dammr/ros2_humble/install/ament_package:/home/dammr/ros2_humble/install/ament_mypy:/home/dammr/ros2_humble/install/ament_lint_cmake:/home/dammr/ros2_humble/install/ament_flake8:/home/dammr/ros2_humble/install/ament_copyright:/home/dammr/ros2_humble/install/ament_lint:/home/dammr/ros2_humble/install/ament_index_python:/home/dammr/ros2_humble/install/ament_cpplint:/home/dammr/ros2_humble/install/ament_cppcheck:/home/dammr/ros2_humble/install/ament_clang_tidy:/home/dammr/ros2_humble/install/ament_clang_format /usr/bin/cmake --build /home/dammr/Desktop/magister_ws/UC_SmartFarmRadar/build/ptu_package -- -j12 -l12
